<?xml version="1.0" encoding="UTF-8"?>
<!-- Generated by org.testng.reporters.JUnitReportReporter -->
<testsuite skipped="0" hostname="L901552" name="testCase.VerifyVisualRiskDashBorad_Test" tests="1" failures="0" timestamp="11 Oct 2018 11:49:03 GMT" time="28.565" errors="0">
  <testcase name="verifyVisualRiskDashBorad_Test" time="28.565" classname="testCase.VerifyVisualRiskDashBorad_Test"/>
</testsuite> <!-- testCase.VerifyVisualRiskDashBorad_Test -->
