<?xml version="1.0" encoding="UTF-8"?>
<!-- Generated by org.testng.reporters.JUnitReportReporter -->
<testsuite skipped="0" hostname="L901552" name="testCase.Verify_QuoteCreationFlow_Test" tests="1" failures="0" timestamp="11 Oct 2018 10:35:58 GMT" time="66.369" errors="0">
  <testcase name="verify_QuoteCreationFlow_Test" time="66.369" classname="testCase.Verify_QuoteCreationFlow_Test"/>
</testsuite> <!-- testCase.Verify_QuoteCreationFlow_Test -->
