<?xml version="1.0" encoding="UTF-8"?>
<!-- Generated by org.testng.reporters.JUnitReportReporter -->
<testsuite skipped="0" hostname="L901552" name="testCase.NewTest" tests="2" failures="0" timestamp="04 Oct 2018 14:55:05 GMT" time="0.051" errors="0">
  <testcase name="f" time="0.003" classname="testCase.NewTest"/>
  <testcase name="f" time="0.048" classname="testCase.NewTest"/>
</testsuite> <!-- testCase.NewTest -->
