<?xml version="1.0" encoding="UTF-8"?>
<!-- Generated by org.testng.reporters.JUnitReportReporter -->
<testsuite skipped="0" hostname="L901552" name="testCase.EndToEndValidation_NewFormUpload_Test" tests="1" failures="0" timestamp="11 Oct 2018 10:35:58 GMT" time="292.831" errors="0">
  <testcase name="endToEndValidation_NewFormUpload_Test" time="292.831" classname="testCase.EndToEndValidation_NewFormUpload_Test"/>
</testsuite> <!-- testCase.EndToEndValidation_NewFormUpload_Test -->
