<?xml version="1.0" encoding="UTF-8"?>
<!-- Generated by org.testng.reporters.JUnitReportReporter -->
<testsuite skipped="0" hostname="L901552" name="library.LoggerTest" tests="1" failures="0" timestamp="09 Oct 2018 07:39:37 GMT" time="0.107" errors="0">
  <testcase name="testLogger" time="0.107" classname="library.LoggerTest"/>
</testsuite> <!-- library.LoggerTest -->
