<?xml version="1.0" encoding="UTF-8"?>
<!-- Generated by org.testng.reporters.JUnitReportReporter -->
<testsuite skipped="0" hostname="L901552" name="testCase.EndToEndValidation_ExistingForm_Test" tests="1" failures="0" timestamp="11 Oct 2018 10:35:58 GMT" time="261.470" errors="0">
  <testcase name="endToEndValidation_ExistingForm_Test" time="261.470" classname="testCase.EndToEndValidation_ExistingForm_Test"/>
</testsuite> <!-- testCase.EndToEndValidation_ExistingForm_Test -->
